<?xml version="1.0" encoding="UTF-8"?>
<!-- Generated by org.testng.reporters.JUnitReportReporter -->
<testsuite hostname="Rama" name="test.TC002_SignUp" tests="1" failures="0" timestamp="16 Dec 2024 15:16:30 GMT" time="18.280" errors="0">
  <testcase name="signUpTest" time="18.280" classname="test.TC002_SignUp"/>
</testsuite> <!-- test.TC002_SignUp -->
