<?xml version="1.0" encoding="UTF-8"?>
<!-- Generated by org.testng.reporters.JUnitReportReporter -->
<testsuite hostname="Rama" name="test.TC003_SignUp" tests="1" failures="0" timestamp="16 Dec 2024 04:11:20 GMT" time="17.743" errors="0">
  <testcase name="signUpTest" time="17.743" classname="test.TC003_SignUp"/>
</testsuite> <!-- test.TC003_SignUp -->
