<?xml version="1.0" encoding="UTF-8"?>
<!-- Generated by org.testng.reporters.JUnitReportReporter -->
<testsuite hostname="Rama" name="test.TC002_ShoppingProduct" tests="1" failures="0" timestamp="15 Dec 2024 18:33:08 GMT" time="17.659" errors="0">
  <testcase name="shopping" time="17.659" classname="test.TC002_ShoppingProduct"/>
</testsuite> <!-- test.TC002_ShoppingProduct -->
